Unity Editor version:    2020.3.22f1 (e1a7f79fd887)
Branch:                  2020.3/staging
Build type:              Release
Batch mode:              YES
macOS version:           Version 12.0.1 (Build 21A559)
Darwin version:          21.1.0
Architecture:            x86_64
Running under Rosetta:   NO
Available memory:        32768 MB
Using pre-set license
Pro License: NO

COMMAND LINE ARGUMENTS:
/Users/jonas/Documents/Unity/2020.3.22f1/Unity.app/Contents/MacOS/Unity
-adb2
-batchMode
-noUpm
-name
AssetImportWorker0
-projectPath
/Users/jonas/Sites/womu/Unity/My project
-logFile
Logs/AssetImportWorker0.log
-srvPort
59592
Successfully changed project path to: /Users/jonas/Sites/womu/Unity/My project
/Users/jonas/Sites/womu/Unity/My project
Using Asset Import Pipeline V2.
Refreshing native plugins compatible for Editor in 31.22 ms, found 3 plugins.
Preloading 0 native plugins for Editor in 0.00 ms.
Initialize engine version: 2020.3.22f1 (e1a7f79fd887)
[Subsystems] Discovering subsystems at path /Users/jonas/Documents/Unity/2020.3.22f1/Unity.app/Contents/Resources/UnitySubsystems
[Subsystems] Discovering subsystems at path /Users/jonas/Sites/womu/Unity/My project/Assets
GfxDevice: creating device client; threaded=0
2022-01-07 23:24:50.554 Unity[22590:1150648] DELL P3421W preferred device: AMD Radeon Pro 5500M (high power)
2022-01-07 23:24:50.554 Unity[22590:1150648] Metal devices available: 2
2022-01-07 23:24:50.554 Unity[22590:1150648] 0: AMD Radeon Pro 5500M (high power)
2022-01-07 23:24:50.554 Unity[22590:1150648] 1: Intel(R) UHD Graphics 630 (low power)
2022-01-07 23:24:50.554 Unity[22590:1150648] Using device AMD Radeon Pro 5500M (high power)
Initializing Metal device caps: AMD Radeon Pro 5500M
Initialize mono
Mono path[0] = '/Users/jonas/Documents/Unity/2020.3.22f1/Unity.app/Contents/Managed'
Mono path[1] = '/Users/jonas/Documents/Unity/2020.3.22f1/Unity.app/Contents/MonoBleedingEdge/lib/mono/unityjit'
Mono config path = '/Users/jonas/Documents/Unity/2020.3.22f1/Unity.app/Contents/MonoBleedingEdge/etc'
Using monoOptions --debugger-agent=transport=dt_socket,embedding=1,server=y,suspend=n,address=127.0.0.1:56590
Begin MonoManager ReloadAssembly
Registering precompiled unity dll's ...
Register platform support module: /Users/jonas/Documents/Unity/2020.3.22f1/Unity.app/Contents/PlaybackEngines/MacStandaloneSupport/UnityEditor.OSXStandalone.Extensions.dll
Registered in 0.000435 seconds.
Native extension for OSXStandalone target not found
Refreshing native plugins compatible for Editor in 26.68 ms, found 3 plugins.
Preloading 0 native plugins for Editor in 0.00 ms.
Mono: successfully reloaded assembly
- Completed reload, in  1.601 seconds
Domain Reload Profiling:
	ReloadAssembly (1601ms)
		BeginReloadAssembly (40ms)
			ExecutionOrderSort (0ms)
			DisableScriptedObjects (0ms)
			BackupInstance (0ms)
			ReleaseScriptingObjects (0ms)
			CreateAndSetChildDomain (1ms)
		EndReloadAssembly (435ms)
			LoadAssemblies (39ms)
			RebuildTransferFunctionScriptingTraits (0ms)
			SetupTypeCache (159ms)
			ReleaseScriptCaches (0ms)
			RebuildScriptCaches (36ms)
			SetupLoadedEditorAssemblies (164ms)
				LogAssemblyErrors (0ms)
				InitializePlatformSupportModulesInManaged (4ms)
				SetLoadedEditorAssemblies (0ms)
				RefreshPlugins (27ms)
				BeforeProcessingInitializeOnLoad (7ms)
				ProcessInitializeOnLoadAttributes (96ms)
				ProcessInitializeOnLoadMethodAttributes (29ms)
				AfterProcessingInitializeOnLoad (0ms)
				EditorAssembliesLoaded (0ms)
			ExecutionOrderSort2 (0ms)
			AwakeInstancesAfterBackupRestoration (0ms)
Platform modules already initialized, skipping
Registering precompiled user dll's ...
Registered in 0.002687 seconds.
Begin MonoManager ReloadAssembly
Native extension for OSXStandalone target not found
Refreshing native plugins compatible for Editor in 0.69 ms, found 3 plugins.
Preloading 0 native plugins for Editor in 0.00 ms.
Mono: successfully reloaded assembly
- Completed reload, in  1.010 seconds
Domain Reload Profiling:
	ReloadAssembly (1011ms)
		BeginReloadAssembly (141ms)
			ExecutionOrderSort (0ms)
			DisableScriptedObjects (5ms)
			BackupInstance (0ms)
			ReleaseScriptingObjects (0ms)
			CreateAndSetChildDomain (22ms)
		EndReloadAssembly (811ms)
			LoadAssemblies (73ms)
			RebuildTransferFunctionScriptingTraits (0ms)
			SetupTypeCache (304ms)
			ReleaseScriptCaches (0ms)
			RebuildScriptCaches (50ms)
			SetupLoadedEditorAssemblies (283ms)
				LogAssemblyErrors (0ms)
				InitializePlatformSupportModulesInManaged (6ms)
				SetLoadedEditorAssemblies (1ms)
				RefreshPlugins (1ms)
				BeforeProcessingInitializeOnLoad (50ms)
				ProcessInitializeOnLoadAttributes (217ms)
				ProcessInitializeOnLoadMethodAttributes (8ms)
				AfterProcessingInitializeOnLoad (1ms)
				EditorAssembliesLoaded (0ms)
			ExecutionOrderSort2 (0ms)
			AwakeInstancesAfterBackupRestoration (6ms)
Platform modules already initialized, skipping
Validating Project structure ... 0.001580 seconds.
Shader import version has changed; will reimport all shaders...
Upgrading shader files ...0.002688 seconds.
Application.AssetDatabase Initial Script Refresh Start
RefreshInfo: InitialScriptRefreshV2(NoUpdateAssetOptions) scanfilter:  ... 1 filters
RefreshProfiler: Total: 0.000ms
Application.AssetDatabase Initial Script Refresh End
Application.AssetDatabase.Refresh Start
Application.AssetDatabase.Refresh End
RefreshInfo: StopAssetImportingV2(ForceSynchronousImport) scanfilter: 
RefreshProfiler: Total: 0.000ms
Launching external process: /Users/jonas/Documents/Unity/2020.3.22f1/Unity.app/Contents/Tools/UnityShaderCompiler
Launched and connected shader compiler UnityShaderCompiler after 0.01 seconds
Initializing Unity extensions:
2022-01-07 23:24:53.775 Unity[22590:1150648] NSEventModifierFlagFunction specified to -setKeyEquivalentModifierMask: for item <NSMenuItem: 0x600003a58690 Font Asset, ke='Command-F12'>, but is only supported for system-provided menu items; will not be used
2022-01-07 23:24:53.778 Unity[22590:1150648] NSEventModifierFlagFunction specified to -setKeyEquivalentModifierMask: for item <NSMenuItem: 0x600003a680e0 Font Asset, ke='Command-F12'>, but is only supported for system-provided menu items; will not be used
========================================================================
Worker process is ready to serve import requests
Refreshing native plugins compatible for Editor in 0.31 ms, found 3 plugins.
Preloading 0 native plugins for Editor in 0.00 ms.
Unloading 1520 Unused Serialized files (Serialized files now loaded: 0)
System memory in use before: 213.5 MB.
System memory in use after: 213.4 MB.

Unloading 88 unused Assets to reduce memory usage. Loaded Objects now: 2001.
Total: 2.662645 ms (FindLiveObjects: 0.206474 ms CreateObjectMapping: 0.036429 ms MarkObjects: 2.291632 ms  DeleteObjects: 0.127506 ms)

AssetImportParameters requested are different than current active one (requested -> active):
  custom:video-decoder-ogg-theora: a1e56fd34408186e4bbccfd4996cb3dc -> 
  custom:container-muxer-webm: aa71ff27fc2769a1b78a27578f13a17b -> 
  custom:container-demuxer-webm: 4f35f7cbe854078d1ac9338744f61a02 -> 
  custom:container-demuxer-ogg: 62fdf1f143b41e24485cea50d1cbac27 -> 
  custom:video-encoder-webm-vp8: eb34c28f22e8b96e1ab97ce403110664 -> 
  custom:framework-osx-AVFoundation: e770b220cccbd017edd2c1fefb359320 -> 
  custom:video-decoder-webm-vp8: 9c59270c3fd7afecdb556c50c9e8de78 -> 
  custom:audio-decoder-ogg-vorbis: bf7c407c2cedff20999df2af8eb42d56 -> 
  custom:audio-encoder-webm-vorbis: bf7c407c2cedff20999df2af8eb42d56 -> 
========================================================================
Received Import Request.
  path: Assets/Scenes/_StudioVisualizer.unity
  artifactKey: Guid(4e3a029ae1d8ffe4584ff54c58a87030) Importer(815301076,1909f56bfc062723c751e8b465ee728b)
Start importing Assets/Scenes/_StudioVisualizer.unity using Guid(4e3a029ae1d8ffe4584ff54c58a87030) Importer(815301076,1909f56bfc062723c751e8b465ee728b)  -> (artifact id: '3bf2dfe620e5261502550923cbc4772d') in 0.009653 seconds 
  Import took 0.011666 seconds .

========================================================================
Received Import Request.
  Time since last request: 47.232523 seconds.
  path: Assets/RadicalSDK/Scripts/AnimationPlayback/AnimationPlayback.cs
  artifactKey: Guid(13a1d94a6c873a74380de4ee1bc58eb6) Importer(815301076,1909f56bfc062723c751e8b465ee728b)
Start importing Assets/RadicalSDK/Scripts/AnimationPlayback/AnimationPlayback.cs using Guid(13a1d94a6c873a74380de4ee1bc58eb6) Importer(815301076,1909f56bfc062723c751e8b465ee728b)  -> (artifact id: 'be146dcbe2c0ed60a077fe84620f3187') in 0.319430 seconds 
  Import took 0.321947 seconds .

========================================================================
Received Import Request.
  Time since last request: 49.780451 seconds.
  path: Assets/RadicalSDK/Models/tpose_mobu_30_humanoid_test.fbx
  artifactKey: Guid(b95d829b100c43e4486a095cefb3ec65) Importer(815301076,1909f56bfc062723c751e8b465ee728b)
Start importing Assets/RadicalSDK/Models/tpose_mobu_30_humanoid_test.fbx using Guid(b95d829b100c43e4486a095cefb3ec65) Importer(815301076,1909f56bfc062723c751e8b465ee728b)  -> (artifact id: '3bc2844a1eb933f0581a224c172b3097') in 1.075279 seconds 
  Import took 1.077652 seconds .

========================================================================
Received Import Request.
  Time since last request: 0.275608 seconds.
  path: Assets/RadicalSDK/Models/tpose_mobu_humanoid_32.fbx
  artifactKey: Guid(3f13bb3dbeeb32e49aea31e68e0f83d8) Importer(815301076,1909f56bfc062723c751e8b465ee728b)
Start importing Assets/RadicalSDK/Models/tpose_mobu_humanoid_32.fbx using Guid(3f13bb3dbeeb32e49aea31e68e0f83d8) Importer(815301076,1909f56bfc062723c751e8b465ee728b)  -> (artifact id: '4fe6b15983158883f0655a7270ed0f01') in 0.005886 seconds 
  Import took 0.008449 seconds .

AssetImportWorkerClient::OnTransportError - code=2 error=End of file
